<?xml version="1.0" encoding="UTF-8"?>
<testsuite name="com.moodanalyserproject.MoodAnalyserTest" tests="1" skipped="0" failures="0" errors="0" timestamp="2020-10-22T16:49:39" hostname="nusrats-MacBook-Air.local" time="0.006">
  <properties/>
  <testcase name="givenNullMood_ShouldReturnHappy" classname="com.moodanalyserproject.MoodAnalyserTest" time="0.006"/>
  <system-out><![CDATA[]]></system-out>
  <system-err><![CDATA[]]></system-err>
</testsuite>
