<?xml version="1.0" encoding="UTF-8"?>
<testsuite name="com.moodanalyserproject.MoodAnalyserTest" tests="2" skipped="0" failures="0" errors="0" timestamp="2020-10-22T14:12:58" hostname="nusrats-MacBook-Air.local" time="0.003">
  <properties/>
  <testcase name="givenMessage_WhenNotSad_ShoulReturnHappy" classname="com.moodanalyserproject.MoodAnalyserTest" time="0.002"/>
  <testcase name="givenMessage_WhenSad_ShouldReturnSad" classname="com.moodanalyserproject.MoodAnalyserTest" time="0.0"/>
  <system-out><![CDATA[]]></system-out>
  <system-err><![CDATA[]]></system-err>
</testsuite>
